<?xml version="1.0" encoding="UTF-8" ?>
<testsuite tests="22" failures="22" name="com.ssvv.TestAddStudent" time="0.011" errors="0" skipped="0">
  <properties>
    <property name="idea.version" value="2022.2.4"/>
    <property name="java.runtime.name" value="OpenJDK Runtime Environment"/>
    <property name="java.vm.version" value="19+36-2238"/>
    <property name="sun.boot.library.path" value="C:\Users\didii\.jdks\openjdk-19\bin"/>
    <property name="maven.multiModuleProjectDirectory" value="C:\1 My work\3\2 SEM\vvss\try3"/>
    <property name="java.vm.vendor" value="Oracle Corporation"/>
    <property name="java.vendor.url" value="https://java.oracle.com/"/>
    <property name="guice.disable.misplaced.annotation.check" value="true"/>
    <property name="path.separator" value=";"/>
    <property name="java.vm.name" value="OpenJDK 64-Bit Server VM"/>
    <property name="sun.os.patch.level" value=""/>
    <property name="user.script" value=""/>
    <property name="user.country" value="US"/>
    <property name="sun.java.launcher" value="SUN_STANDARD"/>
    <property name="java.vm.specification.name" value="Java Virtual Machine Specification"/>
    <property name="user.dir" value="C:\1 My work\3\2 SEM\vvss\try3"/>
    <property name="java.vm.compressedOopsMode" value="Zero based"/>
    <property name="java.runtime.version" value="19+36-2238"/>
    <property name="os.arch" value="amd64"/>
    <property name="java.io.tmpdir" value="C:\Users\didii\AppData\Local\Temp\"/>
    <property name="line.separator" value="
"/>
    <property name="java.vm.specification.vendor" value="Oracle Corporation"/>
    <property name="user.variant" value=""/>
    <property name="stderr.encoding" value="UTF-8"/>
    <property name="os.name" value="Windows 11"/>
    <property name="maven.ext.class.path" value="C:\Program Files\JetBrains\IntelliJ IDEA 2022.2.3\plugins\maven\lib\maven-event-listener.jar"/>
    <property name="classworlds.conf" value="C:\Program Files\JetBrains\IntelliJ IDEA 2022.2.3\plugins\maven\lib\maven3\bin\m2.conf"/>
    <property name="sun.jnu.encoding" value="Cp1252"/>
    <property name="stdout.encoding" value="UTF-8"/>
    <property name="java.library.path" value="C:\Users\didii\.jdks\openjdk-19\bin;C:\WINDOWS\Sun\Java\bin;C:\WINDOWS\system32;C:\WINDOWS;C:\Program Files\NVIDIA GPU Computing Toolkit\CUDA\v11.8\bin;C:\Program Files\NVIDIA GPU Computing Toolkit\CUDA\v11.8\libnvvp;C:\Users\didii\AppData\Local\Microsoft\WindowsApps;C:\Program Files\Azure Data Studio\bin;C:\Users\didii\AppData\Local\JetBrains\Toolbox\scripts;C:\WINDOWS\system32\config\systemprofile\AppData\Local\Microsoft\WindowsApps;C:\Users\didii\AppData\Local\GitHubDesktop\bin;C:\WINDOWS\system32\config\systemprofile\.dotnet\tools;:\Users\didii\AppData\Roaming\npm;C:\Windows\System32\WindowsPowerShell\v1.0\powershell.exe;C:\WINDOWS\system32;C:\WINDOWS;C:\WINDOWS\System32\Wbem;%SYSTEMPROOT%\System32\WindowsPowerShell\v1.0\;%SYSTEMPROOT%\System32\OpenSSH\;C:\Program Files\Git\bin;C:\Program Files\Microsoft SQL Server\150\Tools\Binn\;C:\Program Files\dotnet\;C:\Users\didii\Downloads\flutter_windows_3.16.0-stable\flutter\bin;C:\Program Files\nodejs\;C:\Users\didii\anaconda3\pkgs\nsight-compute-2023.1.0.15-0\nsight-compute\2023.1.0\host\target-windows-x64;C:\Program Files (x86)\Windows Kits\10\Windows Performance Toolkit\;C:\Program Files\Microsoft SQL Server\Client SDK\ODBC\170\Tools\Binn\;C:\Program Files\Microsoft SQL Server\150\DTS\Binn\;C:\GnuWin32\bin;C:\MinGW\bin;C:\Users\didii\AppData\Roaming\Microsoft\Windows\Start Menu\Programs\Python 3.9;C:\Program Files\PowerShell\7\;C:\Program Files\PowerShell\7-preview\preview;C:\Program Files\PuTTY\;C:\Program Files\Docker\Docker\resources\bin;C:\Program Files\NVIDIA Corporation\NVIDIA NvDLISR;C:\Program Files\NVIDIA GPU Computing Toolkit\CUDA\v12.4\extras\CUPTI\lib64;C:\tool\cudnn-windows-x86_64-8.9.7.29_cuda12-archive\bin;C:\tool\cudnn-windows-x86_64-8.9.7.29_cuda12-archive\include;C:\Program Files\NVIDIA Corporation\Nsight Compute 2022.3.0\;C:\Program Files\NVIDIA GPU Computing Toolkit\CUDA\v11.8\extras\CUPTI\include;C:\Users\didii\AppData\Local\Microsoft\WindowsApps;C:\Program Files\Azure Data Studio\bin;C:\Users\didii\AppData\Local\JetBrains\Toolbox\scripts;C:\Users\didii\AppData\Local\Microsoft\WindowsApps;C:\Users\didii\AppData\Roaming\npm;C:\Windows\System32\WindowsPowerShell\v1.0\powershell.exe;C:\Users\didii\.dotnet\tools;C:\Program Files\nodejs;C:\GnuWin32\bin;C:\Users\didii\Downloads\md5;C:\Users\didii\AppData\Local\Programs\Ollama;."/>
    <property name="maven.conf" value="C:\Program Files\JetBrains\IntelliJ IDEA 2022.2.3\plugins\maven\lib\maven3/conf"/>
    <property name="jdk.debug" value="release"/>
    <property name="java.class.version" value="63.0"/>
    <property name="java.specification.name" value="Java Platform API Specification"/>
    <property name="sun.management.compiler" value="HotSpot 64-Bit Tiered Compilers"/>
    <property name="os.version" value="10.0"/>
    <property name="user.home" value="C:\Users\didii"/>
    <property name="user.timezone" value="Europe/Bucharest"/>
    <property name="file.encoding" value="UTF-8"/>
    <property name="java.specification.version" value="19"/>
    <property name="user.name" value="didii"/>
    <property name="java.class.path" value="C:\Program Files\JetBrains\IntelliJ IDEA 2022.2.3\plugins\maven\lib\maven3\boot\plexus-classworlds-2.6.0.jar;C:\Program Files\JetBrains\IntelliJ IDEA 2022.2.3\plugins\maven\lib\maven3\boot\plexus-classworlds.license"/>
    <property name="java.vm.specification.version" value="19"/>
    <property name="sun.arch.data.model" value="64"/>
    <property name="sun.java.command" value="org.codehaus.classworlds.Launcher -Didea.version=2022.2.4 install"/>
    <property name="java.home" value="C:\Users\didii\.jdks\openjdk-19"/>
    <property name="user.language" value="en"/>
    <property name="java.specification.vendor" value="Oracle Corporation"/>
    <property name="java.vm.info" value="mixed mode, sharing"/>
    <property name="java.version" value="19"/>
    <property name="native.encoding" value="Cp1252"/>
    <property name="java.vendor" value="Oracle Corporation"/>
    <property name="sun.stderr.encoding" value="UTF-8"/>
    <property name="maven.home" value="C:\Program Files\JetBrains\IntelliJ IDEA 2022.2.3\plugins\maven\lib\maven3"/>
    <property name="file.separator" value="\"/>
    <property name="java.version.date" value="2022-09-20"/>
    <property name="java.vendor.url.bug" value="https://bugreport.java.com/bugreport/"/>
    <property name="sun.io.unicode.encoding" value="UnicodeLittle"/>
    <property name="sun.cpu.endian" value="little"/>
    <property name="sun.stdout.encoding" value="UTF-8"/>
    <property name="sun.cpu.isalist" value="amd64"/>
  </properties>
  <testcase classname="com.ssvv.TestAddStudent" name="com.ssvv.TestAddStudent.test_add_student_group_bigger_number_lower_boundary" time="0.006">
    <failure message="Cannot invoke &quot;com.ssvv.service.Service.addStudent(com.ssvv.domain.Student)&quot; because &quot;this.service&quot; is null" type="java.lang.NullPointerException">java.lang.NullPointerException: Cannot invoke &quot;com.ssvv.service.Service.addStudent(com.ssvv.domain.Student)&quot; because &quot;this.service&quot; is null
	at com.ssvv.TestAddStudent.test_add_student_group_bigger_number_lower_boundary(TestAddStudent.java:138)
</failure>
  </testcase>
  <testcase classname="com.ssvv.TestAddStudent" name="com.ssvv.TestAddStudent.test_add_student_group_negative_number_lower_boundary" time="0">
    <failure message="Cannot invoke &quot;com.ssvv.service.Service.addStudent(com.ssvv.domain.Student)&quot; because &quot;this.service&quot; is null" type="java.lang.NullPointerException">java.lang.NullPointerException: Cannot invoke &quot;com.ssvv.service.Service.addStudent(com.ssvv.domain.Student)&quot; because &quot;this.service&quot; is null
	at com.ssvv.TestAddStudent.test_add_student_group_negative_number_lower_boundary(TestAddStudent.java:119)
</failure>
  </testcase>
  <testcase classname="com.ssvv.TestAddStudent" name="com.ssvv.TestAddStudent.test_add_student_group_positive_number_lower_boundary" time="0">
    <failure message="Cannot invoke &quot;com.ssvv.service.Service.addStudent(com.ssvv.domain.Student)&quot; because &quot;this.service&quot; is null" type="java.lang.NullPointerException">java.lang.NullPointerException: Cannot invoke &quot;com.ssvv.service.Service.addStudent(com.ssvv.domain.Student)&quot; because &quot;this.service&quot; is null
	at com.ssvv.TestAddStudent.test_add_student_group_positive_number_lower_boundary(TestAddStudent.java:129)
</failure>
  </testcase>
  <testcase classname="com.ssvv.TestAddStudent" name="com.ssvv.TestAddStudent.test_add_student_group_lower_upper_boundary" time="0">
    <failure message="Cannot invoke &quot;com.ssvv.service.Service.addStudent(com.ssvv.domain.Student)&quot; because &quot;this.service&quot; is null" type="java.lang.NullPointerException">java.lang.NullPointerException: Cannot invoke &quot;com.ssvv.service.Service.addStudent(com.ssvv.domain.Student)&quot; because &quot;this.service&quot; is null
	at com.ssvv.TestAddStudent.test_add_student_group_lower_upper_boundary(TestAddStudent.java:146)
</failure>
  </testcase>
  <testcase classname="com.ssvv.TestAddStudent" name="com.ssvv.TestAddStudent.test_add_student_id_empty_string_lower_boundery" time="0">
    <failure message="Cannot invoke &quot;com.ssvv.service.Service.addStudent(com.ssvv.domain.Student)&quot; because &quot;this.service&quot; is null" type="java.lang.NullPointerException">java.lang.NullPointerException: Cannot invoke &quot;com.ssvv.service.Service.addStudent(com.ssvv.domain.Student)&quot; because &quot;this.service&quot; is null
	at com.ssvv.TestAddStudent.test_add_student_id_empty_string_lower_boundery(TestAddStudent.java:60)
</failure>
  </testcase>
  <testcase classname="com.ssvv.TestAddStudent" name="com.ssvv.TestAddStudent.test_add_student_name_with_empty_string" time="0">
    <failure message="Cannot invoke &quot;com.ssvv.service.Service.addStudent(com.ssvv.domain.Student)&quot; because &quot;this.service&quot; is null" type="java.lang.NullPointerException">java.lang.NullPointerException: Cannot invoke &quot;com.ssvv.service.Service.addStudent(com.ssvv.domain.Student)&quot; because &quot;this.service&quot; is null
	at com.ssvv.TestAddStudent.test_add_student_name_with_empty_string(TestAddStudent.java:179)
</failure>
  </testcase>
  <testcase classname="com.ssvv.TestAddStudent" name="com.ssvv.TestAddStudent.test_add_student_group_bigger_upper_boundary" time="0.002">
    <failure message="Cannot invoke &quot;com.ssvv.service.Service.addStudent(com.ssvv.domain.Student)&quot; because &quot;this.service&quot; is null" type="java.lang.NullPointerException">java.lang.NullPointerException: Cannot invoke &quot;com.ssvv.service.Service.addStudent(com.ssvv.domain.Student)&quot; because &quot;this.service&quot; is null
	at com.ssvv.TestAddStudent.test_add_student_group_bigger_upper_boundary(TestAddStudent.java:162)
</failure>
  </testcase>
  <testcase classname="com.ssvv.TestAddStudent" name="com.ssvv.TestAddStudent.test_add_student_id_bigger_number_lower_boundary" time="0">
    <failure message="Cannot invoke &quot;com.ssvv.service.Service.addStudent(com.ssvv.domain.Student)&quot; because &quot;this.service&quot; is null" type="java.lang.NullPointerException">java.lang.NullPointerException: Cannot invoke &quot;com.ssvv.service.Service.addStudent(com.ssvv.domain.Student)&quot; because &quot;this.service&quot; is null
	at com.ssvv.TestAddStudent.test_add_student_id_bigger_number_lower_boundary(TestAddStudent.java:77)
</failure>
  </testcase>
  <testcase classname="com.ssvv.TestAddStudent" name="com.ssvv.TestAddStudent.test_add_student_id_big_number_upper_boundary" time="0">
    <failure message="Cannot invoke &quot;com.ssvv.service.Service.addStudent(com.ssvv.domain.Student)&quot; because &quot;this.service&quot; is null" type="java.lang.NullPointerException">java.lang.NullPointerException: Cannot invoke &quot;com.ssvv.service.Service.addStudent(com.ssvv.domain.Student)&quot; because &quot;this.service&quot; is null
	at com.ssvv.TestAddStudent.test_add_student_id_big_number_upper_boundary(TestAddStudent.java:93)
</failure>
  </testcase>
  <testcase classname="com.ssvv.TestAddStudent" name="com.ssvv.TestAddStudent.test_add_student_name_with_special_ch" time="0">
    <failure message="Cannot invoke &quot;com.ssvv.service.Service.addStudent(com.ssvv.domain.Student)&quot; because &quot;this.service&quot; is null" type="java.lang.NullPointerException">java.lang.NullPointerException: Cannot invoke &quot;com.ssvv.service.Service.addStudent(com.ssvv.domain.Student)&quot; because &quot;this.service&quot; is null
	at com.ssvv.TestAddStudent.test_add_student_name_with_special_ch(TestAddStudent.java:170)
</failure>
  </testcase>
  <testcase classname="com.ssvv.TestAddStudent" name="com.ssvv.TestAddStudent.test_add_student_id_smaller_number_upper_boundary" time="0">
    <failure message="Cannot invoke &quot;com.ssvv.service.Service.addStudent(com.ssvv.domain.Student)&quot; because &quot;this.service&quot; is null" type="java.lang.NullPointerException">java.lang.NullPointerException: Cannot invoke &quot;com.ssvv.service.Service.addStudent(com.ssvv.domain.Student)&quot; because &quot;this.service&quot; is null
	at com.ssvv.TestAddStudent.test_add_student_id_smaller_number_upper_boundary(TestAddStudent.java:85)
</failure>
  </testcase>
  <testcase classname="com.ssvv.TestAddStudent" name="com.ssvv.TestAddStudent.test_add_student_id_small_number_lower_boundary" time="0">
    <failure message="Cannot invoke &quot;com.ssvv.service.Service.addStudent(com.ssvv.domain.Student)&quot; because &quot;this.service&quot; is null" type="java.lang.NullPointerException">java.lang.NullPointerException: Cannot invoke &quot;com.ssvv.service.Service.addStudent(com.ssvv.domain.Student)&quot; because &quot;this.service&quot; is null
	at com.ssvv.TestAddStudent.test_add_student_id_small_number_lower_boundary(TestAddStudent.java:69)
</failure>
  </testcase>
  <testcase classname="com.ssvv.TestAddStudent" name="com.ssvv.TestAddStudent.test_add_student_group_equal_upper_boundary" time="0.001">
    <failure message="Cannot invoke &quot;com.ssvv.service.Service.addStudent(com.ssvv.domain.Student)&quot; because &quot;this.service&quot; is null" type="java.lang.NullPointerException">java.lang.NullPointerException: Cannot invoke &quot;com.ssvv.service.Service.addStudent(com.ssvv.domain.Student)&quot; because &quot;this.service&quot; is null
	at com.ssvv.TestAddStudent.test_add_student_group_equal_upper_boundary(TestAddStudent.java:154)
</failure>
  </testcase>
  <testcase classname="com.ssvv.TestAddStudent" name="com.ssvv.TestAddStudent.test_add_student_email_with_empty_string" time="0">
    <failure message="Cannot invoke &quot;com.ssvv.service.Service.addStudent(com.ssvv.domain.Student)&quot; because &quot;this.service&quot; is null" type="java.lang.NullPointerException">java.lang.NullPointerException: Cannot invoke &quot;com.ssvv.service.Service.addStudent(com.ssvv.domain.Student)&quot; because &quot;this.service&quot; is null
	at com.ssvv.TestAddStudent.test_add_student_email_with_empty_string(TestAddStudent.java:206)
</failure>
  </testcase>
  <testcase classname="com.ssvv.TestAddStudent" name="com.ssvv.TestAddStudent.test_add_student_id_bigger_number_upper_boundary" time="0">
    <failure message="Cannot invoke &quot;com.ssvv.service.Service.addStudent(com.ssvv.domain.Student)&quot; because &quot;this.service&quot; is null" type="java.lang.NullPointerException">java.lang.NullPointerException: Cannot invoke &quot;com.ssvv.service.Service.addStudent(com.ssvv.domain.Student)&quot; because &quot;this.service&quot; is null
	at com.ssvv.TestAddStudent.test_add_student_id_bigger_number_upper_boundary(TestAddStudent.java:101)
</failure>
  </testcase>
  <testcase classname="com.ssvv.TestAddStudent" name="com.ssvv.TestAddStudent.test_add_student_email_with_null" time="0">
    <failure message="Cannot invoke &quot;com.ssvv.service.Service.addStudent(com.ssvv.domain.Student)&quot; because &quot;this.service&quot; is null" type="java.lang.NullPointerException">java.lang.NullPointerException: Cannot invoke &quot;com.ssvv.service.Service.addStudent(com.ssvv.domain.Student)&quot; because &quot;this.service&quot; is null
	at com.ssvv.TestAddStudent.test_add_student_email_with_null(TestAddStudent.java:216)
</failure>
  </testcase>
  <testcase classname="com.ssvv.TestAddStudent" name="com.ssvv.TestAddStudent.test_add_student_id_float_number" time="0.001">
    <failure message="Cannot invoke &quot;com.ssvv.service.Service.addStudent(com.ssvv.domain.Student)&quot; because &quot;this.service&quot; is null" type="java.lang.NullPointerException">java.lang.NullPointerException: Cannot invoke &quot;com.ssvv.service.Service.addStudent(com.ssvv.domain.Student)&quot; because &quot;this.service&quot; is null
	at com.ssvv.TestAddStudent.test_add_student_id_float_number(TestAddStudent.java:240)
</failure>
  </testcase>
  <testcase classname="com.ssvv.TestAddStudent" name="com.ssvv.TestAddStudent.test_add_student_group_number" time="0">
    <failure message="Cannot invoke &quot;com.ssvv.service.Service.addStudent(com.ssvv.domain.Student)&quot; because &quot;this.service&quot; is null" type="java.lang.NullPointerException">java.lang.NullPointerException: Cannot invoke &quot;com.ssvv.service.Service.addStudent(com.ssvv.domain.Student)&quot; because &quot;this.service&quot; is null
	at com.ssvv.TestAddStudent.test_add_student_group_number(TestAddStudent.java:110)
</failure>
  </testcase>
  <testcase classname="com.ssvv.TestAddStudent" name="com.ssvv.TestAddStudent.test_add_student_id_not_null" time="0">
    <failure message="Cannot invoke &quot;com.ssvv.service.Service.addStudent(com.ssvv.domain.Student)&quot; because &quot;this.service&quot; is null" type="java.lang.NullPointerException">java.lang.NullPointerException: Cannot invoke &quot;com.ssvv.service.Service.addStudent(com.ssvv.domain.Student)&quot; because &quot;this.service&quot; is null
	at com.ssvv.TestAddStudent.test_add_student_id_not_null(TestAddStudent.java:51)
</failure>
  </testcase>
  <testcase classname="com.ssvv.TestAddStudent" name="com.ssvv.TestAddStudent.test_add_student_id_duplicate" time="0.001">
    <failure message="Cannot invoke &quot;com.ssvv.service.Service.addStudent(com.ssvv.domain.Student)&quot; because &quot;this.service&quot; is null" type="java.lang.NullPointerException">java.lang.NullPointerException: Cannot invoke &quot;com.ssvv.service.Service.addStudent(com.ssvv.domain.Student)&quot; because &quot;this.service&quot; is null
	at com.ssvv.TestAddStudent.test_add_student_id_duplicate(TestAddStudent.java:225)
</failure>
  </testcase>
  <testcase classname="com.ssvv.TestAddStudent" name="com.ssvv.TestAddStudent.test_add_student_name_with_null" time="0">
    <failure message="Cannot invoke &quot;com.ssvv.service.Service.addStudent(com.ssvv.domain.Student)&quot; because &quot;this.service&quot; is null" type="java.lang.NullPointerException">java.lang.NullPointerException: Cannot invoke &quot;com.ssvv.service.Service.addStudent(com.ssvv.domain.Student)&quot; because &quot;this.service&quot; is null
	at com.ssvv.TestAddStudent.test_add_student_name_with_null(TestAddStudent.java:189)
</failure>
  </testcase>
  <testcase classname="com.ssvv.TestAddStudent" name="com.ssvv.TestAddStudent.test_add_student_email_with_arond" time="0">
    <failure message="Cannot invoke &quot;com.ssvv.service.Service.addStudent(com.ssvv.domain.Student)&quot; because &quot;this.service&quot; is null" type="java.lang.NullPointerException">java.lang.NullPointerException: Cannot invoke &quot;com.ssvv.service.Service.addStudent(com.ssvv.domain.Student)&quot; because &quot;this.service&quot; is null
	at com.ssvv.TestAddStudent.test_add_student_email_with_arond(TestAddStudent.java:198)
</failure>
  </testcase>
</testsuite>